{"total": {"lines":{"total":221,"covered":158,"skipped":0,"pct":71.49},"statements":{"total":223,"covered":160,"skipped":0,"pct":71.74},"functions":{"total":38,"covered":28,"skipped":0,"pct":73.68},"branches":{"total":84,"covered":70,"skipped":0,"pct":83.33},"branchesTrue":{"total":0,"covered":0,"skipped":0,"pct":100}}
,"/Users/samuel/Project_Code/OpenSearch_Initiative_Programme/OpenSearch-bot/src/server.js": {"lines":{"total":17,"covered":0,"skipped":0,"pct":0},"functions":{"total":1,"covered":0,"skipped":0,"pct":0},"statements":{"total":17,"covered":0,"skipped":0,"pct":0},"branches":{"total":2,"covered":0,"skipped":0,"pct":0}}
,"/Users/samuel/Project_Code/OpenSearch_Initiative_Programme/OpenSearch-bot/src/changeset-creator/index.js": {"lines":{"total":22,"covered":1,"skipped":0,"pct":4.54},"functions":{"total":1,"covered":0,"skipped":0,"pct":0},"statements":{"total":22,"covered":1,"skipped":0,"pct":4.54},"branches":{"total":9,"covered":0,"skipped":0,"pct":0}}
,"/Users/samuel/Project_Code/OpenSearch_Initiative_Programme/OpenSearch-bot/src/config/constants.js": {"lines":{"total":9,"covered":9,"skipped":0,"pct":100},"functions":{"total":0,"covered":0,"skipped":0,"pct":100},"statements":{"total":9,"covered":9,"skipped":0,"pct":100},"branches":{"total":0,"covered":0,"skipped":0,"pct":100}}
,"/Users/samuel/Project_Code/OpenSearch_Initiative_Programme/OpenSearch-bot/src/config/webhooks.js": {"lines":{"total":9,"covered":1,"skipped":0,"pct":11.11},"functions":{"total":4,"covered":0,"skipped":0,"pct":0},"statements":{"total":9,"covered":1,"skipped":0,"pct":11.11},"branches":{"total":0,"covered":0,"skipped":0,"pct":100}}
,"/Users/samuel/Project_Code/OpenSearch_Initiative_Programme/OpenSearch-bot/src/utils/changelogParser.js": {"lines":{"total":24,"covered":24,"skipped":0,"pct":100},"functions":{"total":3,"covered":3,"skipped":0,"pct":100},"statements":{"total":25,"covered":25,"skipped":0,"pct":100},"branches":{"total":17,"covered":17,"skipped":0,"pct":100}}
,"/Users/samuel/Project_Code/OpenSearch_Initiative_Programme/OpenSearch-bot/src/utils/customErrors.js": {"lines":{"total":43,"covered":40,"skipped":0,"pct":93.02},"functions":{"total":13,"covered":12,"skipped":0,"pct":92.3},"statements":{"total":43,"covered":40,"skipped":0,"pct":93.02},"branches":{"total":12,"covered":11,"skipped":0,"pct":91.66}}
,"/Users/samuel/Project_Code/OpenSearch_Initiative_Programme/OpenSearch-bot/src/utils/formattingUtils.js": {"lines":{"total":31,"covered":28,"skipped":0,"pct":90.32},"functions":{"total":7,"covered":6,"skipped":0,"pct":85.71},"statements":{"total":31,"covered":28,"skipped":0,"pct":90.32},"branches":{"total":14,"covered":14,"skipped":0,"pct":100}}
,"/Users/samuel/Project_Code/OpenSearch_Initiative_Programme/OpenSearch-bot/src/utils/githubUtils.js": {"lines":{"total":66,"covered":55,"skipped":0,"pct":83.33},"functions":{"total":9,"covered":7,"skipped":0,"pct":77.77},"statements":{"total":67,"covered":56,"skipped":0,"pct":83.58},"branches":{"total":30,"covered":28,"skipped":0,"pct":93.33}}
}
