TN:
SF:src/server.js
FN:49,(anonymous_0)
FNF:1
FNH:0
FNDA:0,(anonymous_0)
DA:14,0
DA:17,0
DA:19,0
DA:21,0
DA:24,0
DA:25,0
DA:34,0
DA:35,0
DA:37,0
DA:40,0
DA:41,0
DA:42,0
DA:45,0
DA:46,0
DA:49,0
DA:50,0
DA:51,0
LF:17
LH:0
BRDA:40,0,0,0
BRDA:40,0,1,0
BRF:2
BRH:0
end_of_record
TN:
SF:src/changeset-creator/index.js
FN:26,(anonymous_0)
FNF:1
FNH:0
FNDA:0,(anonymous_0)
DA:26,2
DA:37,0
DA:39,0
DA:40,0
DA:53,0
DA:59,0
DA:67,0
DA:77,0
DA:78,0
DA:79,0
DA:83,0
DA:86,0
DA:87,0
DA:89,0
DA:91,0
DA:100,0
DA:109,0
DA:110,0
DA:114,0
DA:115,0
DA:116,0
DA:117,0
LF:22
LH:1
BRDA:77,0,0,0
BRDA:77,0,1,0
BRDA:109,1,0,0
BRDA:109,1,1,0
BRDA:114,2,0,0
BRDA:114,2,1,0
BRDA:114,3,0,0
BRDA:114,3,1,0
BRDA:114,3,2,0
BRF:9
BRH:0
end_of_record
TN:
SF:src/config/constants.js
FNF:0
FNH:0
DA:12,6
DA:36,6
DA:42,6
DA:55,6
DA:77,6
DA:84,6
DA:91,6
DA:97,6
DA:103,6
LF:9
LH:9
BRF:0
BRH:0
end_of_record
TN:
SF:src/config/webhooks.js
FN:3,(anonymous_0)
FN:4,(anonymous_1)
FN:11,(anonymous_2)
FN:18,(anonymous_3)
FNF:4
FNH:0
FNDA:0,(anonymous_0)
FNDA:0,(anonymous_1)
FNDA:0,(anonymous_2)
FNDA:0,(anonymous_3)
DA:3,1
DA:4,0
DA:5,0
DA:8,0
DA:11,0
DA:12,0
DA:15,0
DA:18,0
DA:20,0
LF:9
LH:1
BRF:0
BRH:0
end_of_record
TN:
SF:src/utils/changelogParser.js
FN:15,(anonymous_0)
FN:49,(anonymous_1)
FN:66,(anonymous_2)
FNF:3
FNH:3
FNDA:5,(anonymous_0)
FNDA:6,(anonymous_1)
FNDA:28,(anonymous_2)
DA:15,3
DA:17,5
DA:18,1
DA:24,4
DA:25,1
DA:30,3
DA:32,3
DA:37,1
DA:40,2
DA:49,3
DA:51,6
DA:56,6
DA:57,2
DA:61,4
DA:64,4
DA:67,28
DA:68,28
DA:69,28
DA:70,28
DA:73,4
DA:74,1
DA:77,3
DA:82,3
DA:84,3
LF:24
LH:24
BRDA:17,0,0,1
BRDA:17,0,1,4
BRDA:24,1,0,1
BRDA:24,1,1,3
BRDA:32,2,0,1
BRDA:32,2,1,2
BRDA:33,3,0,3
BRDA:33,3,1,2
BRDA:33,3,2,1
BRDA:56,4,0,2
BRDA:56,4,1,4
BRDA:69,5,0,7
BRDA:69,5,1,21
BRDA:73,6,0,1
BRDA:73,6,1,3
BRDA:79,7,0,1
BRDA:79,7,1,2
BRF:17
BRH:17
end_of_record
TN:
SF:src/utils/customErrors.js
FN:11,(anonymous_0)
FN:30,(anonymous_1)
FN:49,(anonymous_2)
FN:68,(anonymous_3)
FN:87,(anonymous_4)
FN:106,(anonymous_5)
FN:127,(anonymous_6)
FN:148,(anonymous_7)
FN:169,(anonymous_8)
FN:192,(anonymous_9)
FN:212,(anonymous_10)
FN:233,(anonymous_11)
FN:252,(anonymous_12)
FNF:13
FNH:12
FNDA:2,(anonymous_0)
FNDA:2,(anonymous_1)
FNDA:2,(anonymous_2)
FNDA:2,(anonymous_3)
FNDA:0,(anonymous_4)
FNDA:4,(anonymous_5)
FNDA:3,(anonymous_6)
FNDA:2,(anonymous_7)
FNDA:3,(anonymous_8)
FNDA:3,(anonymous_9)
FNDA:2,(anonymous_10)
FNDA:2,(anonymous_11)
FNDA:2,(anonymous_12)
DA:12,2
DA:13,2
DA:18,2
DA:31,2
DA:32,2
DA:37,2
DA:50,2
DA:51,2
DA:56,2
DA:69,2
DA:70,2
DA:75,2
DA:88,0
DA:89,0
DA:94,0
DA:109,4
DA:110,4
DA:115,4
DA:130,3
DA:131,3
DA:136,3
DA:151,2
DA:152,2
DA:157,2
DA:170,3
DA:171,3
DA:174,3
DA:175,3
DA:180,3
DA:193,3
DA:194,3
DA:195,3
DA:200,3
DA:215,2
DA:216,2
DA:221,2
DA:234,2
DA:235,2
DA:240,2
DA:253,2
DA:254,2
DA:255,2
DA:260,2
LF:43
LH:40
BRDA:11,0,0,2
BRDA:30,1,0,2
BRDA:49,2,0,2
BRDA:68,3,0,2
BRDA:87,4,0,0
BRDA:107,5,0,4
BRDA:128,6,0,3
BRDA:149,7,0,2
BRDA:172,8,0,1
BRDA:172,8,1,2
BRDA:213,9,0,2
BRDA:233,10,0,2
BRF:12
BRH:11
end_of_record
TN:
SF:src/utils/formattingUtils.js
FN:33,(anonymous_0)
FN:66,(anonymous_1)
FN:73,(anonymous_2)
FN:74,(anonymous_3)
FN:90,(anonymous_4)
FN:92,(anonymous_5)
FN:110,(anonymous_6)
FNF:7
FNH:6
FNDA:17,(anonymous_0)
FNDA:6,(anonymous_1)
FNDA:13,(anonymous_2)
FNDA:7,(anonymous_3)
FNDA:3,(anonymous_4)
FNDA:3,(anonymous_5)
FNDA:0,(anonymous_6)
DA:33,3
DA:34,17
DA:35,17
DA:36,16
DA:37,16
DA:38,16
DA:39,1
DA:41,15
DA:42,2
DA:43,13
DA:44,1
DA:45,12
DA:46,2
DA:51,10
DA:52,10
DA:53,10
DA:55,1
DA:66,3
DA:72,6
DA:73,13
DA:76,7
DA:77,6
DA:80,7
DA:81,7
DA:90,3
DA:91,3
DA:93,3
DA:110,3
DA:111,0
DA:113,0
DA:114,0
LF:31
LH:28
BRDA:35,0,0,16
BRDA:35,0,1,1
BRDA:37,1,0,15
BRDA:37,1,1,1
BRDA:38,2,0,1
BRDA:38,2,1,15
BRDA:41,3,0,2
BRDA:41,3,1,13
BRDA:43,4,0,1
BRDA:43,4,1,12
BRDA:45,5,0,2
BRDA:45,5,1,10
BRDA:76,6,0,6
BRDA:76,6,1,1
BRF:14
BRH:14
end_of_record
TN:
SF:src/utils/githubUtils.js
FN:33,(anonymous_0)
FN:69,(anonymous_1)
FN:88,(anonymous_2)
FN:134,(anonymous_3)
FN:167,(anonymous_4)
FN:183,(anonymous_5)
FN:224,(anonymous_6)
FN:288,(anonymous_7)
FN:340,(anonymous_8)
FNF:9
FNH:7
FNDA:2,(anonymous_0)
FNDA:7,(anonymous_1)
FNDA:3,(anonymous_2)
FNDA:5,(anonymous_3)
FNDA:3,(anonymous_4)
FNDA:3,(anonymous_5)
FNDA:5,(anonymous_6)
FNDA:0,(anonymous_7)
FNDA:0,(anonymous_8)
DA:33,3
DA:34,2
DA:35,2
DA:40,1
DA:52,1
DA:54,1
DA:69,3
DA:77,7
DA:79,7
DA:88,6
DA:90,6
DA:92,2
DA:98,1
DA:99,4
DA:101,2
DA:107,1
DA:109,2
DA:116,3
DA:119,3
DA:134,3
DA:142,5
DA:144,2
DA:145,1
DA:147,1
DA:149,1
DA:151,1
DA:155,3
DA:157,3
DA:167,3
DA:168,3
DA:169,1
DA:171,2
DA:183,3
DA:190,3
DA:191,2
DA:193,2
DA:199,1
DA:201,1
DA:206,1
DA:224,3
DA:236,5
DA:237,5
DA:243,2
DA:245,3
DA:246,2
DA:248,1
DA:251,4
DA:255,4
DA:256,4
DA:265,2
DA:268,2
DA:269,1
DA:271,1
DA:288,3
DA:299,0
DA:300,0
DA:306,0
DA:307,0
DA:311,0
DA:315,0
DA:316,0
DA:324,0
DA:326,0
DA:340,3
DA:341,0
DA:345,0
LF:66
LH:55
BRDA:90,0,0,2
BRDA:90,0,1,4
BRDA:90,1,0,6
BRDA:90,1,1,3
BRDA:99,2,0,2
BRDA:99,2,1,2
BRDA:99,3,0,4
BRDA:99,3,1,3
BRDA:111,4,0,1
BRDA:111,4,1,1
BRDA:142,5,0,2
BRDA:142,5,1,3
BRDA:142,6,0,5
BRDA:142,6,1,3
BRDA:144,7,0,1
BRDA:144,7,1,1
BRDA:168,8,0,1
BRDA:168,8,1,2
BRDA:190,9,0,2
BRDA:190,9,1,1
BRDA:245,10,0,2
BRDA:245,10,1,1
BRDA:252,11,0,2
BRDA:252,11,1,2
BRDA:265,12,0,1
BRDA:265,12,1,1
BRDA:268,13,0,1
BRDA:268,13,1,1
BRDA:308,14,0,0
BRDA:308,14,1,0
BRF:30
BRH:28
end_of_record
